<?xml version="1.0" encoding="UTF-8"?>
<testsuite name="model.StartUpsTest" tests="5" skipped="0" failures="0" errors="0" timestamp="2021-10-01T08:44:16" hostname="allans-elitebook-840-g5" time="0.005">
  <properties/>
  <testcase name="getCapital_getsCapital_correctly" classname="model.StartUpsTest" time="0.003"/>
  <testcase name="getNameOfStartup_works_correctly" classname="model.StartUpsTest" time="0.0"/>
  <testcase name="getCategory_gets_category_correctly" classname="model.StartUpsTest" time="0.0"/>
  <testcase name="getName_getsname_correctly" classname="model.StartUpsTest" time="0.0"/>
  <testcase name="startUpInstantiatesCorrectly" classname="model.StartUpsTest" time="0.0"/>
  <system-out><![CDATA[]]></system-out>
  <system-err><![CDATA[]]></system-err>
</testsuite>
