<?xml version="1.0" encoding="UTF-8"?>
<testsuite name="StartUpsTest" tests="1" skipped="0" failures="0" errors="0" timestamp="2021-09-30T08:49:56" hostname="allans-elitebook-840-g5" time="0.002">
  <properties/>
  <testcase name="startUpInstantiatesCorrectly" classname="StartUpsTest" time="0.002"/>
  <system-out><![CDATA[]]></system-out>
  <system-err><![CDATA[]]></system-err>
</testsuite>
