<?xml version="1.0" encoding="UTF-8"?>
<testsuite name="sql2oDao.Sql2oCapitalistsTest" tests="4" skipped="0" failures="0" errors="0" timestamp="2021-10-01T08:33:08" hostname="allans-elitebook-840-g5" time="0.274">
  <properties/>
  <testcase name="create" classname="sql2oDao.Sql2oCapitalistsTest" time="0.237"/>
  <testcase name="findById" classname="sql2oDao.Sql2oCapitalistsTest" time="0.035"/>
  <testcase name="deleteAll" classname="sql2oDao.Sql2oCapitalistsTest" time="0.0"/>
  <testcase name="deleteById" classname="sql2oDao.Sql2oCapitalistsTest" time="0.0"/>
  <system-out><![CDATA[]]></system-out>
  <system-err><![CDATA[]]></system-err>
</testsuite>
