<?xml version="1.0" encoding="UTF-8"?>
<testsuite name="StartUpsTest" tests="1" skipped="0" failures="0" errors="0" timestamp="2021-09-29T21:45:27" hostname="ThinkPad-T450" time="0.007">
  <properties/>
  <testcase name="startUpInstantiatesCorrectly" classname="StartUpsTest" time="0.007"/>
  <system-out><![CDATA[]]></system-out>
  <system-err><![CDATA[]]></system-err>
</testsuite>
