<?xml version="1.0" encoding="UTF-8"?>
<testsuite name="model.CapitalistsTest" tests="1" skipped="0" failures="0" errors="0" timestamp="2021-09-30T19:48:47" hostname="aaron" time="0.002">
  <properties/>
  <testcase name="instance_Of_Capitalism" classname="model.CapitalistsTest" time="0.002"/>
  <system-out><![CDATA[]]></system-out>
  <system-err><![CDATA[]]></system-err>
</testsuite>
